#
# There is insufficient memory for the Java Runtime Environment to continue.
# Native memory allocation (malloc) failed to allocate 1120352 bytes for Chunk::new
# Possible reasons:
#   The system is out of physical RAM or swap space
#   In 32 bit mode, the process size limit was hit
# Possible solutions:
#   Reduce memory load on the system
#   Increase physical memory or swap space
#   Check if swap backing store is full
#   Use 64 bit Java on a 64 bit OS
#   Decrease Java heap size (-Xmx/-Xms)
#   Decrease number of Java threads
#   Decrease Java thread stack sizes (-Xss)
#   Set larger code cache with -XX:ReservedCodeCacheSize=
# This output file may be truncated or incomplete.
#
#  Out of Memory Error (allocation.cpp:390), pid=12036, tid=0x00000000000030b0
#
# JRE version: OpenJDK Runtime Environment (8.0_112-b06) (build 1.8.0_112-release-b06)
# Java VM: OpenJDK 64-Bit Server VM (25.112-b06 mixed mode windows-amd64 compressed oops)
# Failed to write core dump. Minidumps are not enabled by default on client versions of Windows
#

---------------  T H R E A D  ---------------

Current thread (0x0000000016777000):  JavaThread "C2 CompilerThread0" daemon [_thread_in_native, id=12464, stack(0x0000000017dd0000,0x0000000017ed0000)]

Stack: [0x0000000017dd0000,0x0000000017ed0000]
[error occurred during error reporting (printing stack bounds), id 0xc0000005]

Native frames: (J=compiled Java code, j=interpreted, Vv=VM code, C=native code)


Current CompileTask:
C2:6924590 14999       4       org.gradle.cache.internal.DefaultFileLockManager$DefaultFileLock::readFile (11 bytes)


---------------  P R O C E S S  ---------------

Java Threads: ( => current thread )
  0x00000000181d3800 JavaThread "Java2D Disposer" daemon [_thread_blocked, id=11240, stack(0x0000000028e00000,0x0000000028f00000)]
  0x00000000181cb800 JavaThread "pool-10-thread-4" [_thread_in_native, id=10848, stack(0x0000000028b00000,0x0000000028c00000)]
  0x00000000181d1800 JavaThread "pool-10-thread-3" [_thread_in_native, id=12004, stack(0x0000000028a00000,0x0000000028b00000)]
  0x00000000181d0800 JavaThread "pool-10-thread-2" [_thread_in_native, id=12856, stack(0x0000000028900000,0x0000000028a00000)]
  0x00000000181c9000 JavaThread "pool-10-thread-1" [_thread_in_native, id=13280, stack(0x0000000028800000,0x0000000028900000)]
  0x00000000181ca800 JavaThread "Cache update executor" [_thread_blocked, id=6224, stack(0x0000000028700000,0x0000000028800000)]
  0x00000000181d0000 JavaThread "Stdin handler" [_thread_blocked, id=10248, stack(0x0000000028600000,0x0000000028700000)]
  0x00000000181cd000 JavaThread "Asynchronous log dispatcher for DefaultDaemonConnection: socket connection from /127.0.0.1:63748 to /127.0.0.1:65267" [_thread_blocked, id=10480, stack(0x0000000028500000,0x0000000028600000)]
  0x00000000181cc000 JavaThread "Daemon worker Thread 3" [_thread_blocked, id=4852, stack(0x0000000028400000,0x0000000028500000)]
  0x00000000181cd800 JavaThread "Cancel handler" [_thread_blocked, id=6968, stack(0x0000000028300000,0x0000000028400000)]
  0x00000000181cf000 JavaThread "Handler for socket connection from /127.0.0.1:63748 to /127.0.0.1:65267" [_thread_in_native, id=8256, stack(0x0000000028200000,0x0000000028300000)]
  0x00000000181ca000 JavaThread "Daemon Thread 3" [_thread_blocked, id=4832, stack(0x0000000028100000,0x0000000028200000)]
  0x000000001c01f000 JavaThread "pool-2-thread-1" [_thread_blocked, id=4000, stack(0x0000000020230000,0x0000000020330000)]
  0x000000001b602800 JavaThread "File lock request listener" [_thread_in_native, id=12500, stack(0x000000001c100000,0x000000001c200000)]
  0x0000000019300000 JavaThread "pool-1-thread-1" [_thread_blocked, id=8976, stack(0x000000001ae30000,0x000000001af30000)]
  0x00000000195c9000 JavaThread "Incoming local TCP Connector on port 63748" [_thread_in_native, id=5912, stack(0x000000001a3e0000,0x000000001a4e0000)]
  0x00000000180e4800 JavaThread "Service Thread" daemon [_thread_blocked, id=9268, stack(0x00000000184d0000,0x00000000185d0000)]
  0x000000001679a800 JavaThread "C1 CompilerThread2" daemon [_thread_blocked, id=4336, stack(0x0000000017fd0000,0x00000000180d0000)]
  0x000000001676d000 JavaThread "C2 CompilerThread1" daemon [_thread_blocked, id=11292, stack(0x0000000017ed0000,0x0000000017fd0000)]
=>0x0000000016777000 JavaThread "C2 CompilerThread0" daemon [_thread_in_native, id=12464, stack(0x0000000017dd0000,0x0000000017ed0000)]
  0x0000000016775800 JavaThread "Attach Listener" daemon [_thread_blocked, id=11340, stack(0x0000000017cd0000,0x0000000017dd0000)]
  0x0000000016774800 JavaThread "Signal Dispatcher" daemon [_thread_blocked, id=6848, stack(0x0000000017bd0000,0x0000000017cd0000)]
  0x0000000016758800 JavaThread "Finalizer" daemon [_thread_blocked, id=2148, stack(0x00000000179c0000,0x0000000017ac0000)]
  0x0000000002df0000 JavaThread "Reference Handler" daemon [_thread_blocked, id=3224, stack(0x00000000178c0000,0x00000000179c0000)]
  0x0000000002d01000 JavaThread "main" [_thread_blocked, id=7216, stack(0x0000000002c00000,0x0000000002d00000)]

Other Threads:
  0x0000000016734800 VMThread [stack: 0x00000000177c0000,0x00000000178c0000] [id=10172]
  0x00000000180e5000 WatcherThread [stack: 0x00000000185d0000,0x00000000186d0000] [id=9264]

VM state:not at safepoint (normal execution)

VM Mutex/Monitor currently owned by a thread: None

Heap:
 PSYoungGen      total 232960K, used 162442K [0x00000000e0000000, 0x00000000f2400000, 0x0000000100000000)
  eden space 213504K, 67% used [0x00000000e0000000,0x00000000e8bcc850,0x00000000ed080000)
  from space 19456K, 99% used [0x00000000f1100000,0x00000000f23d6110,0x00000000f2400000)
  to   space 25088K, 0% used [0x00000000ef300000,0x00000000ef300000,0x00000000f0b80000)
 ParOldGen       total 131072K, used 45102K [0x00000000a0000000, 0x00000000a8000000, 0x00000000e0000000)
  object space 131072K, 34% used [0x00000000a0000000,0x00000000a2c0b958,0x00000000a8000000)
 Metaspace       used 74933K, capacity 78566K, committed 78936K, reserved 1118208K
  class space    used 9653K, capacity 10253K, committed 10328K, reserved 1048576K

Card table byte_map: [0x00000000121c0000,0x00000000124d0000] byte_map_base: 0x0000000011cc0000

Marking Bits: (ParMarkBitMap*) 0x00000000761418f0
 Begin Bits: [0x0000000012ad0000, 0x00000000142d0000)
 End Bits:   [0x00000000142d0000, 0x0000000015ad0000)

Polling page: 0x0000000002a10000

CodeCache: size=245760Kb used=43855Kb max_used=43954Kb free=201904Kb
 bounds [0x0000000002e00000, 0x0000000005930000, 0x0000000011e00000]
 total_blobs=13410 nmethods=12497 adapters=825
 compilation: enabled

Compilation events (10 events):
Event: 6920.677 Thread 0x000000001679a800 15063       3       java.io.File::getParentFile (24 bytes)
Event: 6920.678 Thread 0x000000001679a800 nmethod 15063 0x000000000591c750 code [0x000000000591c8c0, 0x000000000591cc68]
Event: 6920.712 Thread 0x000000001676d000 15064   !   4       com.google.common.collect.MapMakerInternalMap::processPendingNotifications (47 bytes)
Event: 6920.714 Thread 0x000000001676d000 nmethod 15064 0x0000000002f213d0 code [0x0000000002f21520, 0x0000000002f215b8]
Event: 6920.760 Thread 0x000000001679a800 15065       3       java.io.File::getParent (65 bytes)
Event: 6920.761 Thread 0x000000001679a800 nmethod 15065 0x0000000003227290 code [0x0000000003227440, 0x0000000003227a88]
Event: 6921.660 Thread 0x000000001679a800 15066       3       sun.nio.fs.WindowsNativeDispatcher::asNativeBuffer (84 bytes)
Event: 6921.662 Thread 0x000000001679a800 nmethod 15066 0x0000000002f2f790 code [0x0000000002f2f980, 0x0000000002f30278]
Event: 6921.723 Thread 0x000000001679a800 15067       3       javax.management.ObjectName::<init> (30 bytes)
Event: 6921.723 Thread 0x000000001679a800 nmethod 15067 0x00000000037f9150 code [0x00000000037f92c0, 0x00000000037f94a8]

GC Heap History (10 events):
Event: 123.376 GC heap before
{Heap before GC invocations=17 (full 3):
 PSYoungGen      total 153088K, used 130048K [0x00000000e0000000, 0x00000000ee500000, 0x0000000100000000)
  eden space 130048K, 100% used [0x00000000e0000000,0x00000000e7f00000,0x00000000e7f00000)
  from space 23040K, 0% used [0x00000000e7f00000,0x00000000e7f00000,0x00000000e9580000)
  to   space 26112K, 0% used [0x00000000ecb80000,0x00000000ecb80000,0x00000000ee500000)
 ParOldGen       total 131072K, used 45062K [0x00000000a0000000, 0x00000000a8000000, 0x00000000e0000000)
  object space 131072K, 34% used [0x00000000a0000000,0x00000000a2c01958,0x00000000a8000000)
 Metaspace       used 59898K, capacity 62382K, committed 62680K, reserved 1103872K
  class space    used 8056K, capacity 8586K, committed 8664K, reserved 1048576K
Event: 123.403 GC heap after
Heap after GC invocations=17 (full 3):
 PSYoungGen      total 194048K, used 4769K [0x00000000e0000000, 0x00000000ede00000, 0x0000000100000000)
  eden space 175104K, 0% used [0x00000000e0000000,0x00000000e0000000,0x00000000eab00000)
  from space 18944K, 25% used [0x00000000ecb80000,0x00000000ed028400,0x00000000ede00000)
  to   space 26112K, 0% used [0x00000000eab00000,0x00000000eab00000,0x00000000ec480000)
 ParOldGen       total 131072K, used 45070K [0x00000000a0000000, 0x00000000a8000000, 0x00000000e0000000)
  object space 131072K, 34% used [0x00000000a0000000,0x00000000a2c03958,0x00000000a8000000)
 Metaspace       used 59898K, capacity 62382K, committed 62680K, reserved 1103872K
  class space    used 8056K, capacity 8586K, committed 8664K, reserved 1048576K
}
Event: 146.710 GC heap before
{Heap before GC invocations=18 (full 3):
 PSYoungGen      total 194048K, used 179873K [0x00000000e0000000, 0x00000000ede00000, 0x0000000100000000)
  eden space 175104K, 100% used [0x00000000e0000000,0x00000000eab00000,0x00000000eab00000)
  from space 18944K, 25% used [0x00000000ecb80000,0x00000000ed028400,0x00000000ede00000)
  to   space 26112K, 0% used [0x00000000eab00000,0x00000000eab00000,0x00000000ec480000)
 ParOldGen       total 131072K, used 45070K [0x00000000a0000000, 0x00000000a8000000, 0x00000000e0000000)
  object space 131072K, 34% used [0x00000000a0000000,0x00000000a2c03958,0x00000000a8000000)
 Metaspace       used 61677K, capacity 64376K, committed 64600K, reserved 1105920K
  class space    used 8209K, capacity 8750K, committed 8792K, reserved 1048576K
Event: 146.763 GC heap after
Heap after GC invocations=18 (full 3):
 PSYoungGen      total 201216K, used 14033K [0x00000000e0000000, 0x00000000f1200000, 0x0000000100000000)
  eden space 175104K, 0% used [0x00000000e0000000,0x00000000e0000000,0x00000000eab00000)
  from space 26112K, 53% used [0x00000000eab00000,0x00000000eb8b47b8,0x00000000ec480000)
  to   space 25600K, 0% used [0x00000000ef900000,0x00000000ef900000,0x00000000f1200000)
 ParOldGen       total 131072K, used 45078K [0x00000000a0000000, 0x00000000a8000000, 0x00000000e0000000)
  object space 131072K, 34% used [0x00000000a0000000,0x00000000a2c05958,0x00000000a8000000)
 Metaspace       used 61677K, capacity 64376K, committed 64600K, reserved 1105920K
  class space    used 8209K, capacity 8750K, committed 8792K, reserved 1048576K
}
Event: 547.520 GC heap before
{Heap before GC invocations=19 (full 3):
 PSYoungGen      total 201216K, used 189137K [0x00000000e0000000, 0x00000000f1200000, 0x0000000100000000)
  eden space 175104K, 100% used [0x00000000e0000000,0x00000000eab00000,0x00000000eab00000)
  from space 26112K, 53% used [0x00000000eab00000,0x00000000eb8b47b8,0x00000000ec480000)
  to   space 25600K, 0% used [0x00000000ef900000,0x00000000ef900000,0x00000000f1200000)
 ParOldGen       total 131072K, used 45078K [0x00000000a0000000, 0x00000000a8000000, 0x00000000e0000000)
  object space 131072K, 34% used [0x00000000a0000000,0x00000000a2c05958,0x00000000a8000000)
 Metaspace       used 66055K, capacity 69228K, committed 69464K, reserved 1110016K
  class space    used 8714K, capacity 9280K, committed 9304K, reserved 1048576K
Event: 547.542 GC heap after
Heap after GC invocations=19 (full 3):
 PSYoungGen      total 236544K, used 11882K [0x00000000e0000000, 0x00000000f0780000, 0x0000000100000000)
  eden space 221696K, 0% used [0x00000000e0000000,0x00000000e0000000,0x00000000ed880000)
  from space 14848K, 80% used [0x00000000ef900000,0x00000000f049ab88,0x00000000f0780000)
  to   space 24064K, 0% used [0x00000000ed880000,0x00000000ed880000,0x00000000ef000000)
 ParOldGen       total 131072K, used 45086K [0x00000000a0000000, 0x00000000a8000000, 0x00000000e0000000)
  object space 131072K, 34% used [0x00000000a0000000,0x00000000a2c07958,0x00000000a8000000)
 Metaspace       used 66055K, capacity 69228K, committed 69464K, reserved 1110016K
  class space    used 8714K, capacity 9280K, committed 9304K, reserved 1048576K
}
Event: 579.847 GC heap before
{Heap before GC invocations=20 (full 3):
 PSYoungGen      total 236544K, used 233578K [0x00000000e0000000, 0x00000000f0780000, 0x0000000100000000)
  eden space 221696K, 100% used [0x00000000e0000000,0x00000000ed880000,0x00000000ed880000)
  from space 14848K, 80% used [0x00000000ef900000,0x00000000f049ab88,0x00000000f0780000)
  to   space 24064K, 0% used [0x00000000ed880000,0x00000000ed880000,0x00000000ef000000)
 ParOldGen       total 131072K, used 45086K [0x00000000a0000000, 0x00000000a8000000, 0x00000000e0000000)
  object space 131072K, 34% used [0x00000000a0000000,0x00000000a2c07958,0x00000000a8000000)
 Metaspace       used 66767K, capacity 70046K, committed 70360K, reserved 1110016K
  class space    used 8743K, capacity 9323K, committed 9432K, reserved 1048576K
Event: 579.890 GC heap after
Heap after GC invocations=20 (full 3):
 PSYoungGen      total 245760K, used 12692K [0x00000000e0000000, 0x00000000f2800000, 0x0000000100000000)
  eden space 221696K, 0% used [0x00000000e0000000,0x00000000e0000000,0x00000000ed880000)
  from space 24064K, 52% used [0x00000000ed880000,0x00000000ee4e50b0,0x00000000ef000000)
  to   space 23552K, 0% used [0x00000000f1100000,0x00000000f1100000,0x00000000f2800000)
 ParOldGen       total 131072K, used 45094K [0x00000000a0000000, 0x00000000a8000000, 0x00000000e0000000)
  object space 131072K, 34% used [0x00000000a0000000,0x00000000a2c09958,0x00000000a8000000)
 Metaspace       used 66767K, capacity 70046K, committed 70360K, reserved 1110016K
  class space    used 8743K, capacity 9323K, committed 9432K, reserved 1048576K
}
Event: 6895.361 GC heap before
{Heap before GC invocations=21 (full 3):
 PSYoungGen      total 245760K, used 234388K [0x00000000e0000000, 0x00000000f2800000, 0x0000000100000000)
  eden space 221696K, 100% used [0x00000000e0000000,0x00000000ed880000,0x00000000ed880000)
  from space 24064K, 52% used [0x00000000ed880000,0x00000000ee4e50b0,0x00000000ef000000)
  to   space 23552K, 0% used [0x00000000f1100000,0x00000000f1100000,0x00000000f2800000)
 ParOldGen       total 131072K, used 45094K [0x00000000a0000000, 0x00000000a8000000, 0x00000000e0000000)
  object space 131072K, 34% used [0x00000000a0000000,0x00000000a2c09958,0x00000000a8000000)
 Metaspace       used 67379K, capacity 70842K, committed 71128K, reserved 1112064K
  class space    used 8794K, capacity 9375K, committed 9432K, reserved 1048576K
Event: 6895.668 GC heap after
Heap after GC invocations=21 (full 3):
 PSYoungGen      total 232960K, used 19288K [0x00000000e0000000, 0x00000000f2400000, 0x0000000100000000)
  eden space 213504K, 0% used [0x00000000e0000000,0x00000000e0000000,0x00000000ed080000)
  from space 19456K, 99% used [0x00000000f1100000,0x00000000f23d6110,0x00000000f2400000)
  to   space 25088K, 0% used [0x00000000ef300000,0x00000000ef300000,0x00000000f0b80000)
 ParOldGen       total 131072K, used 45102K [0x00000000a0000000, 0x00000000a8000000, 0x00000000e0000000)
  object space 131072K, 34% used [0x00000000a0000000,0x00000000a2c0b958,0x00000000a8000000)
 Metaspace       used 67379K, capacity 70842K, committed 71128K, reserved 1112064K
  class space    used 8794K, capacity 9375K, committed 9432K, reserved 1048576K
}

Deoptimization events (10 events):
Event: 6917.784 Thread 0x00000000181cc000 Uncommon trap: reason=bimorphic action=maybe_recompile pc=0x00000000032d2500 method=java.io.DataOutputStream.writeShort(I)V @ 12
Event: 6917.791 Thread 0x00000000181cc000 Uncommon trap: reason=unstable_if action=reinterpret pc=0x0000000004ce950c method=org.apache.commons.collections.map.AbstractHashedMap.isEqualKey(Ljava/lang/Object;Ljava/lang/Object;)Z @ 2
Event: 6919.858 Thread 0x00000000181cc000 Uncommon trap: reason=class_check action=maybe_recompile pc=0x0000000004267638 method=com.google.common.base.Joiner.toString(Ljava/lang/Object;)Ljava/lang/CharSequence; @ 6
Event: 6919.858 Thread 0x00000000181cc000 Uncommon trap: reason=class_check action=maybe_recompile pc=0x0000000004267638 method=com.google.common.base.Joiner.toString(Ljava/lang/Object;)Ljava/lang/CharSequence; @ 6
Event: 6919.858 Thread 0x00000000181cc000 Uncommon trap: reason=class_check action=maybe_recompile pc=0x0000000004267638 method=com.google.common.base.Joiner.toString(Ljava/lang/Object;)Ljava/lang/CharSequence; @ 6
Event: 6919.858 Thread 0x00000000181cc000 Uncommon trap: reason=class_check action=maybe_recompile pc=0x0000000004267638 method=com.google.common.base.Joiner.toString(Ljava/lang/Object;)Ljava/lang/CharSequence; @ 6
Event: 6920.100 Thread 0x00000000181cb800 Uncommon trap: reason=unstable_if action=reinterpret pc=0x00000000053e0a8c method=java.io.File.getParent()Ljava/lang/String; @ 16
Event: 6920.100 Thread 0x00000000181cb800 Uncommon trap: reason=unstable_if action=reinterpret pc=0x0000000004013520 method=java.io.File.getParent()Ljava/lang/String; @ 16
Event: 6920.798 Thread 0x00000000181d1800 Uncommon trap: reason=unstable_if action=reinterpret pc=0x000000000383bbcc method=sun.nio.fs.WindowsPath.openForReadAttributeAccess(Z)J @ 4
Event: 6921.075 Thread 0x00000000181c9000 Uncommon trap: reason=unstable_if action=reinterpret pc=0x0000000003c858f0 method=sun.nio.fs.WindowsNativeDispatcher.asNativeBuffer(Ljava/lang/String;)Lsun/nio/fs/NativeBuffer; @ 33

Internal exceptions (10 events):
Event: 6894.921 Thread 0x00000000181cc000 Implicit null exception at 0x000000000379c95e to 0x000000000379cae1
Event: 6895.896 Thread 0x00000000181cb800 Exception <a 'java/io/FileNotFoundException'> (0x00000000e032e9b8) thrown at [C:\src\android\AOSP-openjdk\external\jetbrains\jdk\hotspot\src\share\vm\prims\jni.cpp, line 709]
Event: 6895.994 Thread 0x00000000181c9000 Exception <a 'java/lang/ClassNotFoundException': sun/dc/DuctusRenderingEngine> (0x00000000e02b1970) thrown at [C:\src\android\AOSP-openjdk\external\jetbrains\jdk\hotspot\src\share\vm\classfile\systemDictionary.cpp, line 210]
Event: 6896.113 Thread 0x00000000181c9000 Exception <a 'java/io/FileNotFoundException'> (0x00000000e034d718) thrown at [C:\src\android\AOSP-openjdk\external\jetbrains\jdk\hotspot\src\share\vm\prims\jni.cpp, line 709]
Event: 6899.614 Thread 0x00000000181cc000 Implicit null exception at 0x00000000051fd001 to 0x00000000052012b9
Event: 6918.483 Thread 0x00000000181ca800 Exception <a 'java/lang/NoSuchMethodError': <clinit>> (0x00000000e881f808) thrown at [C:\src\android\AOSP-openjdk\external\jetbrains\jdk\hotspot\src\share\vm\prims\jni.cpp, line 1613]
Event: 6920.798 Thread 0x00000000181d1800 Exception <a 'sun/nio/fs/WindowsException'> (0x00000000e8b415c0) thrown at [C:\src\android\AOSP-openjdk\external\jetbrains\jdk\hotspot\src\share\vm\prims\jni.cpp, line 709]
Event: 6920.798 Thread 0x00000000181c9000 Exception <a 'sun/nio/fs/WindowsException'> (0x00000000e083c340) thrown at [C:\src\android\AOSP-openjdk\external\jetbrains\jdk\hotspot\src\share\vm\prims\jni.cpp, line 709]
Event: 6920.799 Thread 0x00000000181d0800 Exception <a 'sun/nio/fs/WindowsException'> (0x00000000e8b7b380) thrown at [C:\src\android\AOSP-openjdk\external\jetbrains\jdk\hotspot\src\share\vm\prims\jni.cpp, line 709]
Event: 6920.800 Thread 0x00000000181cb800 Exception <a 'sun/nio/fs/WindowsException'> (0x00000000e8b609e0) thrown at [C:\src\android\AOSP-openjdk\external\jetbrains\jdk\hotspot\src\share\vm\prims\jni.cpp, line 709]

Events (10 events):
Event: 6921.663 Thread 0x000000001679a800 flushing nmethod 0x00000000038b8050
Event: 6921.718 Executing VM operation: RevokeBias
Event: 6921.719 Executing VM operation: RevokeBias done
Event: 6921.719 Executing VM operation: RevokeBias
Event: 6921.719 Executing VM operation: RevokeBias done
Event: 6921.726 Thread 0x000000001679a800 flushing nmethod 0x0000000003bda3d0
Event: 6921.727 Executing VM operation: RevokeBias
Event: 6923.388 Executing VM operation: RevokeBias done
Event: 6923.408 Executing VM operation: RevokeBias
Event: 6923.409 Executing VM operation: RevokeBias done


Dynamic libraries:
0x00007ff75fc60000 - 0x00007ff75fc91000 	C:\Program Files\Android\Android Studio\jre\bin\java.exe
0x00007ffa14eb0000 - 0x00007ffa15082000 	C:\Windows\SYSTEM32\ntdll.dll
0x00007ffa137f0000 - 0x00007ffa1389c000 	C:\Windows\System32\KERNEL32.DLL
0x00007ffa11530000 - 0x00007ffa1174d000 	C:\Windows\System32\KERNELBASE.dll
0x00007ffa130d0000 - 0x00007ffa13172000 	C:\Windows\System32\ADVAPI32.dll
0x00007ffa14e10000 - 0x00007ffa14eae000 	C:\Windows\System32\msvcrt.dll
0x00007ffa126a0000 - 0x00007ffa126f9000 	C:\Windows\System32\sechost.dll
0x00007ffa136c0000 - 0x00007ffa137e1000 	C:\Windows\System32\RPCRT4.dll
0x00007ffa132f0000 - 0x00007ffa13455000 	C:\Windows\System32\USER32.dll
0x00007ffa113b0000 - 0x00007ffa113ce000 	C:\Windows\System32\win32u.dll
0x00007ffa13680000 - 0x00007ffa136b4000 	C:\Windows\System32\GDI32.dll
0x00007ffa119c0000 - 0x00007ffa11b40000 	C:\Windows\System32\gdi32full.dll
0x00007ffa010e0000 - 0x00007ffa0135a000 	C:\Windows\WinSxS\amd64_microsoft.windows.common-controls_6595b64144ccf1df_6.0.14393.953_none_42151e83c686086b\COMCTL32.dll
0x00007ffa128c0000 - 0x00007ffa12b88000 	C:\Windows\System32\combase.dll
0x00007ffa11c60000 - 0x00007ffa11d55000 	C:\Windows\System32\ucrtbase.dll
0x00007ffa11b40000 - 0x00007ffa11baa000 	C:\Windows\System32\bcryptPrimitives.dll
0x00007ffa14dd0000 - 0x00007ffa14dfe000 	C:\Windows\System32\IMM32.DLL
0x00000000757c0000 - 0x0000000075892000 	C:\Program Files\Android\Android Studio\jre\jre\bin\msvcr100.dll
0x0000000075980000 - 0x00000000761bc000 	C:\Program Files\Android\Android Studio\jre\jre\bin\server\jvm.dll
0x00007ffa12b90000 - 0x00007ffa12b98000 	C:\Windows\System32\PSAPI.DLL
0x00007ffa0f4c0000 - 0x00007ffa0f4c9000 	C:\Windows\SYSTEM32\WSOCK32.dll
0x00007ffa13460000 - 0x00007ffa134ca000 	C:\Windows\System32\WS2_32.dll
0x00007ffa099b0000 - 0x00007ffa099ba000 	C:\Windows\SYSTEM32\VERSION.dll
0x00007ffa0f310000 - 0x00007ffa0f333000 	C:\Windows\SYSTEM32\WINMM.dll
0x00000000029c0000 - 0x00000000029eb000 	C:\Windows\SYSTEM32\WINMMBASE.dll
0x00007ffa11430000 - 0x00007ffa11472000 	C:\Windows\System32\cfgmgr32.dll
0x00007ffa0f2a0000 - 0x00007ffa0f2af000 	C:\Program Files\Android\Android Studio\jre\jre\bin\verify.dll
0x00007ffa05d40000 - 0x00007ffa05d69000 	C:\Program Files\Android\Android Studio\jre\jre\bin\java.dll
0x00007ffa068d0000 - 0x00007ffa068e6000 	C:\Program Files\Android\Android Studio\jre\jre\bin\zip.dll
0x00007ffa138a0000 - 0x00007ffa14da8000 	C:\Windows\System32\SHELL32.dll
0x00007ffa11d60000 - 0x00007ffa12438000 	C:\Windows\System32\windows.storage.dll
0x00007ffa11330000 - 0x00007ffa1137c000 	C:\Windows\System32\powrprof.dll
0x00007ffa13290000 - 0x00007ffa132e2000 	C:\Windows\System32\shlwapi.dll
0x00007ffa11380000 - 0x00007ffa1138f000 	C:\Windows\System32\kernel.appcore.dll
0x00007ffa11bb0000 - 0x00007ffa11c59000 	C:\Windows\System32\shcore.dll
0x00007ffa11390000 - 0x00007ffa113a4000 	C:\Windows\System32\profapi.dll
0x00007ffa06760000 - 0x00007ffa0677a000 	C:\Program Files\Android\Android Studio\jre\jre\bin\net.dll
0x00007ffa10bf0000 - 0x00007ffa10c4c000 	C:\Windows\system32\mswsock.dll
0x00007ffa05d20000 - 0x00007ffa05d31000 	C:\Program Files\Android\Android Studio\jre\jre\bin\nio.dll
0x00007ffa05470000 - 0x00007ffa0548e000 	C:\Users\FERNANDO\.gradle\native\23\windows-amd64\native-platform.dll
0x00007ffa10d90000 - 0x00007ffa10da7000 	C:\Windows\SYSTEM32\CRYPTSP.dll
0x00007ffa107f0000 - 0x00007ffa10823000 	C:\Windows\system32\rsaenh.dll
0x00007ffa11260000 - 0x00007ffa1128b000 	C:\Windows\SYSTEM32\bcrypt.dll
0x00007ffa10a70000 - 0x00007ffa10a8f000 	C:\Windows\SYSTEM32\USERENV.dll
0x00007ffa10db0000 - 0x00007ffa10dbb000 	C:\Windows\SYSTEM32\CRYPTBASE.dll
0x00007ffa10970000 - 0x00007ffa109a8000 	C:\Windows\SYSTEM32\IPHLPAPI.DLL
0x00007ffa13280000 - 0x00007ffa13288000 	C:\Windows\System32\NSI.dll
0x00007ffa09c80000 - 0x00007ffa09c96000 	C:\Windows\SYSTEM32\dhcpcsvc6.DLL
0x00007ffa09d40000 - 0x00007ffa09d5a000 	C:\Windows\SYSTEM32\dhcpcsvc.DLL
0x00007ffa0d770000 - 0x00007ffa0d77d000 	C:\Program Files\Android\Android Studio\jre\jre\bin\management.dll
0x00007ffa05490000 - 0x00007ffa054b4000 	C:\Program Files\Android\Android Studio\jre\jre\bin\sunec.dll
0x00007ffa109b0000 - 0x00007ffa10a51000 	C:\Windows\SYSTEM32\DNSAPI.dll
0x0000000076580000 - 0x00000000765b5000 	C:\Program Files\Bonjour\mdnsNSP.dll
0x00007ffa03910000 - 0x00007ffa0391a000 	C:\Windows\System32\rasadhlp.dll
0x00007ffa03930000 - 0x00007ffa0399a000 	C:\Windows\System32\fwpuclnt.dll
0x00007ffa06570000 - 0x00007ffa0657b000 	C:\Program Files\Android\Android Studio\jre\jre\bin\sunmscapi.dll
0x00007ffa11750000 - 0x00007ffa11919000 	C:\Windows\System32\CRYPT32.dll
0x00007ffa11320000 - 0x00007ffa11330000 	C:\Windows\System32\MSASN1.dll
0x00007ff9e7d70000 - 0x00007ff9e7f03000 	C:\Program Files\Android\Android Studio\jre\jre\bin\awt.dll
0x00007ffa125e0000 - 0x00007ffa1269f000 	C:\Windows\System32\OLEAUT32.dll
0x00007ffa11920000 - 0x00007ffa119bc000 	C:\Windows\System32\msvcp_win.dll
0x00007ffa0f9a0000 - 0x00007ffa0fa1a000 	C:\Windows\SYSTEM32\apphelp.dll
0x00007ffa0f950000 - 0x00007ffa0f976000 	C:\Windows\system32\DWMAPI.DLL
0x00007ffa0fb40000 - 0x00007ffa0fbd5000 	C:\Windows\system32\uxtheme.dll
0x00007ffa100f0000 - 0x00007ffa10122000 	C:\Windows\SYSTEM32\ntmarta.dll

VM Arguments:
jvm_args: -Xmx1536m -Dfile.encoding=windows-1252 -Duser.country=PE -Duser.language=es -Duser.variant 
java_command: org.gradle.launcher.daemon.bootstrap.GradleDaemon 3.3
java_class_path (initial): C:\Users\FERNANDO\.gradle\wrapper\dists\gradle-3.3-all\55gk2rcmfc6p2dg9u9ohc3hw9\gradle-3.3\lib\gradle-launcher-3.3.jar
Launcher Type: SUN_STANDARD

Environment Variables:
JAVA_HOME=C:\Program Files\Java\jdk1.8.0_144
PATH=C:\ProgramData\Oracle\Java\javapath;C:\Program Files (x86)\Intel\iCLS Client\;C:\Program Files\Intel\iCLS Client\;C:\Windows\system32;C:\Windows;C:\Windows\System32\Wbem;C:\Windows\System32\WindowsPowerShell\v1.0\;C:\Program Files (x86)\Intel\Intel(R) Management Engine Components\DAL;C:\Program Files\Intel\Intel(R) Management Engine Components\DAL;C:\Program Files (x86)\Intel\Intel(R) Management Engine Components\IPT;C:\Program Files\Intel\Intel(R) Management Engine Components\IPT;C:\Program Files (x86)\NVIDIA Corporation\PhysX\Common;C:\bin\apache-maven-3.5.0\bin;C:\bin\apache-tomcat-8.5.16\bin;C:\Program Files\Git\cmd;C:\wamp64\bin\php\php7.0.23;C:\ProgramData\ComposerSetup\bin;C:\Program Files\Java\jdk1.8.0_144\bin;C:\Users\FERNANDO\AppData\Local\Microsoft\WindowsApps;C:\Users\FERNANDO\AppData\Roaming\Composer\vendor\bin
USERNAME=FERNANDO
OS=Windows_NT
PROCESSOR_IDENTIFIER=Intel64 Family 6 Model 142 Stepping 9, GenuineIntel



---------------  S Y S T E M  ---------------

OS: Windows 10.0 , 64 bit Build 14393 (10.0.14393.1198)

CPU:total 4 (2 cores per cpu, 2 threads per core) family 6 model 142 stepping 9, cmov, cx8, fxsr, mmx, sse, sse2, sse3, ssse3, sse4.1, sse4.2, popcnt, avx, avx2, aes, clmul, erms, 3dnowpref, lzcnt, ht, tsc, tscinvbit, bmi1, bmi2, adx

Memory: 4k page, physical 6156516k(779212k free), swap 10219748k(33820k free)

vm_info: OpenJDK 64-Bit Server VM (25.112-b06) for windows-amd64 JRE (1.8.0_112-release-b06), built on Dec  8 2016 00:54:26 by "builder" with MS VC++ 10.0 (VS2010)

time: Thu Nov 16 02:52:48 2017
elapsed time: 6923 seconds (0d 1h 55m 23s)

